Using pre-set license
Built from '2020.3/staging' branch; Version is '2020.3.21f1 (a38c86f6690f) revision 10718342'; Using compiler version '192528614'; Build Type 'Release'
OS: 'Windows 10 Pro; OS build 19042.1466; Version 2009; 64bit' Language: 'en' Physical Memory: 16335 MB
BatchMode: 1, IsHumanControllingUs: 0, StartBugReporterOnCrash: 0, Is64bit: 1, IsPro: 0

COMMAND LINE ARGUMENTS:
C:\Program Files\Unity\Hub\Editor\2020.3.21f1\Editor\Unity.exe
-adb2
-batchMode
-noUpm
-name
AssetImportWorker0
-projectPath
D:/UnityGames/BorisAroundTheBlock
-logFile
Logs/AssetImportWorker0.log
-srvPort
51177
Successfully changed project path to: D:/UnityGames/BorisAroundTheBlock
D:/UnityGames/BorisAroundTheBlock
Using Asset Import Pipeline V2.
Refreshing native plugins compatible for Editor in 42.94 ms, found 2 plugins.
Preloading 0 native plugins for Editor in 0.00 ms.
Initialize engine version: 2020.3.21f1 (a38c86f6690f)
[Subsystems] Discovering subsystems at path C:/Program Files/Unity/Hub/Editor/2020.3.21f1/Editor/Data/Resources/UnitySubsystems
[Subsystems] Discovering subsystems at path D:/UnityGames/BorisAroundTheBlock/Assets
GfxDevice: creating device client; threaded=0
Direct3D:
    Version:  Direct3D 11.0 [level 11.1]
    Renderer: NVIDIA GeForce GTX 1070 Ti (ID=0x1b82)
    Vendor:   
    VRAM:     8079 MB
    Driver:   30.0.15.1123
Initialize mono
Mono path[0] = 'C:/Program Files/Unity/Hub/Editor/2020.3.21f1/Editor/Data/Managed'
Mono path[1] = 'C:/Program Files/Unity/Hub/Editor/2020.3.21f1/Editor/Data/MonoBleedingEdge/lib/mono/unityjit'
Mono config path = 'C:/Program Files/Unity/Hub/Editor/2020.3.21f1/Editor/Data/MonoBleedingEdge/etc'
Using monoOptions --debugger-agent=transport=dt_socket,embedding=1,server=y,suspend=n,address=127.0.0.1:56116
Begin MonoManager ReloadAssembly
Registering precompiled unity dll's ...
Register platform support module: C:/Program Files/Unity/Hub/Editor/2020.3.21f1/Editor/Data/PlaybackEngines/WindowsStandaloneSupport/UnityEditor.WindowsStandalone.Extensions.dll
Registered in 0.001643 seconds.
Native extension for WindowsStandalone target not found
Refreshing native plugins compatible for Editor in 43.77 ms, found 2 plugins.
Preloading 0 native plugins for Editor in 0.00 ms.
Mono: successfully reloaded assembly
- Completed reload, in  1.167 seconds
Domain Reload Profiling:
	ReloadAssembly (1167ms)
		BeginReloadAssembly (53ms)
			ExecutionOrderSort (0ms)
			DisableScriptedObjects (0ms)
			BackupInstance (0ms)
			ReleaseScriptingObjects (0ms)
			CreateAndSetChildDomain (1ms)
		EndReloadAssembly (546ms)
			LoadAssemblies (51ms)
			RebuildTransferFunctionScriptingTraits (0ms)
			SetupTypeCache (236ms)
			ReleaseScriptCaches (0ms)
			RebuildScriptCaches (29ms)
			SetupLoadedEditorAssemblies (182ms)
				LogAssemblyErrors (0ms)
				InitializePlatformSupportModulesInManaged (4ms)
				SetLoadedEditorAssemblies (0ms)
				RefreshPlugins (44ms)
				BeforeProcessingInitializeOnLoad (17ms)
				ProcessInitializeOnLoadAttributes (83ms)
				ProcessInitializeOnLoadMethodAttributes (33ms)
				AfterProcessingInitializeOnLoad (0ms)
				EditorAssembliesLoaded (0ms)
			ExecutionOrderSort2 (0ms)
			AwakeInstancesAfterBackupRestoration (0ms)
Platform modules already initialized, skipping
Registering precompiled user dll's ...
Registered in 0.091578 seconds.
Begin MonoManager ReloadAssembly
Native extension for WindowsStandalone target not found
Refreshing native plugins compatible for Editor in 44.20 ms, found 2 plugins.
Preloading 0 native plugins for Editor in 0.00 ms.
Mono: successfully reloaded assembly
- Completed reload, in  1.296 seconds
Domain Reload Profiling:
	ReloadAssembly (1301ms)
		BeginReloadAssembly (153ms)
			ExecutionOrderSort (0ms)
			DisableScriptedObjects (5ms)
			BackupInstance (0ms)
			ReleaseScriptingObjects (0ms)
			CreateAndSetChildDomain (18ms)
		EndReloadAssembly (1081ms)
			LoadAssemblies (95ms)
			RebuildTransferFunctionScriptingTraits (0ms)
			SetupTypeCache (305ms)
			ReleaseScriptCaches (0ms)
			RebuildScriptCaches (46ms)
			SetupLoadedEditorAssemblies (505ms)
				LogAssemblyErrors (0ms)
				InitializePlatformSupportModulesInManaged (4ms)
				SetLoadedEditorAssemblies (0ms)
				RefreshPlugins (44ms)
				BeforeProcessingInitializeOnLoad (70ms)
				ProcessInitializeOnLoadAttributes (371ms)
				ProcessInitializeOnLoadMethodAttributes (9ms)
				AfterProcessingInitializeOnLoad (6ms)
				EditorAssembliesLoaded (0ms)
			ExecutionOrderSort2 (0ms)
			AwakeInstancesAfterBackupRestoration (7ms)
Platform modules already initialized, skipping
========================================================================
Worker process is ready to serve import requests
Launched and connected shader compiler UnityShaderCompiler.exe after 0.07 seconds
Refreshing native plugins compatible for Editor in 0.50 ms, found 2 plugins.
Preloading 0 native plugins for Editor in 0.00 ms.
Unloading 1866 Unused Serialized files (Serialized files now loaded: 0)
System memory in use before: 84.2 MB.
System memory in use after: 84.3 MB.

Unloading 21 unused Assets to reduce memory usage. Loaded Objects now: 2302.
Total: 3.064700 ms (FindLiveObjects: 0.170400 ms CreateObjectMapping: 0.040800 ms MarkObjects: 2.782700 ms  DeleteObjects: 0.069800 ms)

AssetImportParameters requested are different than current active one (requested -> active):
  requireTextureImportCompression: false -> true
  custom:framework-win-MediaFoundation: 216162199b28c13a410421893ffa2e32 -> 
  custom:video-decoder-ogg-theora: a1e56fd34408186e4bbccfd4996cb3dc -> 
  custom:container-muxer-webm: aa71ff27fc2769a1b78a27578f13a17b -> 
  custom:container-demuxer-webm: 4f35f7cbe854078d1ac9338744f61a02 -> 
  custom:container-demuxer-ogg: 62fdf1f143b41e24485cea50d1cbac27 -> 
  custom:video-encoder-webm-vp8: eb34c28f22e8b96e1ab97ce403110664 -> 
  custom:video-decoder-webm-vp8: 9c59270c3fd7afecdb556c50c9e8de78 -> 
  custom:audio-decoder-ogg-vorbis: bf7c407c2cedff20999df2af8eb42d56 -> 
  custom:audio-encoder-webm-vorbis: bf7c407c2cedff20999df2af8eb42d56 -> 
========================================================================
Received Import Request.
  path: Assets/Gizmos
  artifactKey: Guid(4e834630a49dfe14ca4ebe5d88cb3a4e) Importer(815301076,1909f56bfc062723c751e8b465ee728b)
Start importing Assets/Gizmos using Guid(4e834630a49dfe14ca4ebe5d88cb3a4e) Importer(815301076,1909f56bfc062723c751e8b465ee728b)  -> (artifact id: '07ad94bb890abb14495df8cd90a4f3ac') in 0.009626 seconds 
  Import took 0.012350 seconds .

========================================================================
Received Import Request.
  Time since last request: 81.248371 seconds.
  path: Assets/Gizmos/TextDialogue.png
  artifactKey: Guid(c49dc363e6a581645a61f81df2e6b01d) Importer(815301076,1909f56bfc062723c751e8b465ee728b)
Start importing Assets/Gizmos/TextDialogue.png using Guid(c49dc363e6a581645a61f81df2e6b01d) Importer(815301076,1909f56bfc062723c751e8b465ee728b)  -> (artifact id: '2b7f0a3af2e030198af978fd653aa681') in 0.094855 seconds 
  Import took 0.097580 seconds .

========================================================================
Received Import Request.
  Time since last request: 5.582810 seconds.
  path: Assets/Gizmos/TextDialogue Icon.png
  artifactKey: Guid(c49dc363e6a581645a61f81df2e6b01d) Importer(815301076,1909f56bfc062723c751e8b465ee728b)
Start importing Assets/Gizmos/TextDialogue Icon.png using Guid(c49dc363e6a581645a61f81df2e6b01d) Importer(815301076,1909f56bfc062723c751e8b465ee728b)  -> (artifact id: '5ac2c18f59930fc3bf96e6071a3a4fb1') in 0.011296 seconds 
  Import took 0.021246 seconds .

========================================================================
Received Import Request.
  Time since last request: 14.440820 seconds.
  path: Assets/Resources/Data/DialogueData/TextDialogue.asset
  artifactKey: Guid(b0e57ad1362f7044bbd92a5d103eb8d1) Importer(815301076,1909f56bfc062723c751e8b465ee728b)
Start importing Assets/Resources/Data/DialogueData/TextDialogue.asset using Guid(b0e57ad1362f7044bbd92a5d103eb8d1) Importer(815301076,1909f56bfc062723c751e8b465ee728b)  -> (artifact id: '8fd072767084c9b1c428120a5a0ae72b') in 0.015683 seconds 
  Import took 0.018366 seconds .

========================================================================
Received Import Request.
  Time since last request: 12.499018 seconds.
  path: Assets/Gizmos/DialogueData Icon.png
  artifactKey: Guid(c49dc363e6a581645a61f81df2e6b01d) Importer(815301076,1909f56bfc062723c751e8b465ee728b)
Start importing Assets/Gizmos/DialogueData Icon.png using Guid(c49dc363e6a581645a61f81df2e6b01d) Importer(815301076,1909f56bfc062723c751e8b465ee728b)  -> (artifact id: '8c779da59d15b5188431d65dd8e731e9') in 0.011340 seconds 
  Import took 0.014079 seconds .

========================================================================
Received Import Request.
  Time since last request: 16.707135 seconds.
  path: Assets/Gizmos/DialogueData Icon.png
  artifactKey: Guid(c49dc363e6a581645a61f81df2e6b01d) Importer(815301076,1909f56bfc062723c751e8b465ee728b)
Start importing Assets/Gizmos/DialogueData Icon.png using Guid(c49dc363e6a581645a61f81df2e6b01d) Importer(815301076,1909f56bfc062723c751e8b465ee728b)  -> (artifact id: '004c7eb5e5424b9327506a08f412156a') in 0.041312 seconds 
  Import took 0.044060 seconds .

========================================================================
Received Import Request.
  Time since last request: 6.442245 seconds.
  path: Assets/Resources/Data/DialogueData/TestChoice1.asset
  artifactKey: Guid(2ad5de12cfb7ea44fbb836f054269476) Importer(815301076,1909f56bfc062723c751e8b465ee728b)
Start importing Assets/Resources/Data/DialogueData/TestChoice1.asset using Guid(2ad5de12cfb7ea44fbb836f054269476) Importer(815301076,1909f56bfc062723c751e8b465ee728b)  -> (artifact id: '4ad1c1df6aff6f5578c516fb7ee95f9a') in 0.005942 seconds 
  Import took 0.008666 seconds .

========================================================================
Received Import Request.
  Time since last request: 30.695325 seconds.
  path: Assets/Gizmos/DialogueData Icon.png
  artifactKey: Guid(c49dc363e6a581645a61f81df2e6b01d) Importer(815301076,1909f56bfc062723c751e8b465ee728b)
Start importing Assets/Gizmos/DialogueData Icon.png using Guid(c49dc363e6a581645a61f81df2e6b01d) Importer(815301076,1909f56bfc062723c751e8b465ee728b)  -> (artifact id: '057e10063d720e97a63a81461f334aff') in 0.007782 seconds 
  Import took 0.010584 seconds .

AssetImportWorkerClient::OnTransportError - code=2 error=End of file
